Arguments: 
  /Users/ranwahle/.nvm/versions/node/v12.3.1/bin/node /Users/ranwahle/.nvm/versions/node/v12.3.1/bin/yarn add express

PATH: 
  /usr/local/opt/postgresql@9.6/bin:/usr/local/opt/postgresql@9.6/bin:/Users/ranwahle/.nvm/versions/node/v12.3.1/bin:/Library/Frameworks/Python.framework/Versions/3.7/bin:/usr/local/bin:/usr/bin:/bin:/usr/sbin:/sbin:/usr/local/share/dotnet:~/.dotnet/tools:/Library/Frameworks/Mono.framework/Versions/Current/Commands:/Applications/Xamarin Workbooks.app/Contents/SharedSupport/path-bin

Yarn version: 
  1.16.0

Node version: 
  12.3.1

Platform: 
  darwin x64

Trace: 
  SyntaxError: /Users/ranwahle/dev/FoodTasks/package.json: Unexpected token } in JSON at position 141
      at JSON.parse (<anonymous>)
      at /Users/ranwahle/.nvm/versions/node/v12.3.1/lib/node_modules/yarn/lib/cli.js:1625:59
      at Generator.next (<anonymous>)
      at step (/Users/ranwahle/.nvm/versions/node/v12.3.1/lib/node_modules/yarn/lib/cli.js:304:30)
      at /Users/ranwahle/.nvm/versions/node/v12.3.1/lib/node_modules/yarn/lib/cli.js:315:13

npm manifest: 
  {
    "name": "foodtask-server",
    "version": "1.0.0",
    "dependencies": {
      
    }
  }

yarn manifest: 
  No manifest

Lockfile: 
  No lockfile
